\BOOKMARK [1][-]{section.1}{Lecture 1}{}% 1
\BOOKMARK [1][-]{section.2}{\134Af\1361 Enumerative Geometry}{}% 2
\BOOKMARK [1][-]{section.3}{Example: Lines on a Smooth Cubic Surface}{}% 3
\BOOKMARK [1][-]{section.4}{Modern Proof}{}% 4
\BOOKMARK [1][-]{section.5}{What about \134RR?}{}% 5
\BOOKMARK [1][-]{section.6}{\134Af\1361 Homotopy Theory}{}% 6
\BOOKMARK [1][-]{section.7}{The Grothendieck-Witt Group}{}% 7
\BOOKMARK [1][-]{section.8}{Euler Class}{}% 8
\BOOKMARK [1][-]{section.9}{An Analogous Trace Formula}{}% 9
\BOOKMARK [1][-]{section.10}{Lecture 2}{}% 10
\BOOKMARK [1][-]{section.11}{User's Guide to \134Af\1361 Homotopy Theory}{}% 11
\BOOKMARK [2][-]{subsection.11.1}{Adding Colimits}{section.11}% 12
\BOOKMARK [2][-]{subsection.11.2}{Preserving Old Colimits: Picking a Topology}{section.11}% 13
\BOOKMARK [2][-]{subsection.11.3}{Contracting the Affine Line}{section.11}% 14
\BOOKMARK [1][-]{section.12}{Making Spheres}{}% 15
\BOOKMARK [1][-]{section.13}{Thom Spaces}{}% 16
\BOOKMARK [1][-]{section.14}{The Grothendieck-Witt Group}{}% 17
\BOOKMARK [1][-]{section.15}{Milnor K-Theory}{}% 18
\BOOKMARK [1][-]{section.16}{Grothendieck-Witt Group Invariants}{}% 19
\BOOKMARK [1][-]{section.17}{Degree Theorem}{}% 20
\BOOKMARK [1][-]{section.18}{Producing a Sheaf}{}% 21
\BOOKMARK [1][-]{section.19}{Lecture 3}{}% 22
\BOOKMARK [1][-]{section.20}{Transfers}{}% 23
\BOOKMARK [2][-]{subsection.20.1}{Defining Some Transfers}{section.20}% 24
\BOOKMARK [2][-]{subsection.20.2}{Bilinear Forms on Chow Groups}{section.20}% 25
\BOOKMARK [2][-]{subsection.20.3}{Twisted Chow}{section.20}% 26
\BOOKMARK [1][-]{section.21}{Degree by Local Degree}{}% 27
\BOOKMARK [1][-]{section.22}{\134Af\1361 Milnor Numbers}{}% 28
\BOOKMARK [1][-]{section.23}{Lecture 4}{}% 29
\BOOKMARK [1][-]{section.24}{The Euler Class}{}% 30
\BOOKMARK [1][-]{section.25}{\134Af\1361 Algebraic Topology}{}% 31
\BOOKMARK [2][-]{subsection.25.1}{Computing Euler Classes for Relatively Orientable Bundles}{section.25}% 32
\BOOKMARK [1][-]{section.26}{Relations to Chow Groups}{}% 33
\BOOKMARK [1][-]{section.27}{Example Computations}{}% 34
